<?xml version="1.0" encoding="UTF-8"?>
<!-- Generated by org.testng.reporters.JUnitReportReporter -->
<testsuite hostname="LAPTOP-QERTIUL8" name="com.crm.qa.tests.ContactPageTest" tests="2" failures="0" timestamp="14 Aug 2018 15:07:07 GMT" time="51.059" errors="0">
  <testcase name="VerifyContactslabelTest" time="27.125" classname="com.crm.qa.tests.ContactPageTest"/>
  <testcase name="SelectContactsByNameTest" time="23.934" classname="com.crm.qa.tests.ContactPageTest"/>
</testsuite> <!-- com.crm.qa.tests.ContactPageTest -->
